
     ***************************************
     ****  CANAL   Version 1.5 10/2016  ****
     ***************************************


  LIS  : tcanal                            SEQ  : *                               
  prop :                                   nastr:   NaN                           

  pmin  : -500.00  pmax  :  500.00  cormin:    0.60  CLIM  :    0.00

  lev1  :      0  lev2  :      0  itst  :      0  itnd  :      0  itdel :      1
  IWIN  :      1

  corr  :    F  SERIES:    F  histo :    F

   1      12   12   test        CGCGAATTCGCG

  Data from  1 trajectory and  12 levels ...

  M)    1   2   3   4   5   6   7   8   9  10  11  12

     No.  Lev      Var    Aver    Sdev    Range    Min     Max    Ndat
      0)   -     tbend    6.8     0.0      1.0     6.8     6.8           1
  =============================================================================
      1)   M     shear   -0.04    0.27     0.9    -0.6     0.3          12
      2)   M   stretch   -0.17    0.08     0.3    -0.3    -0.0          12
      3)   M   stagger    0.21    0.19     0.8    -0.1     0.7          12
      4)   M    buckle    0.3     5.9     11.0   -10.9    10.1          12
      5)   M    propel  -13.6     6.9      9.0   -20.2     0.6          12
      6)   M   opening    1.0     4.3      8.0    -4.8    10.2          12
    ---------------------------------------------------------------------------
      7)   M     xdisp    0.27    0.56     1.8    -0.4     1.5          12
      8)   M     ydisp    0.11    0.23     1.0    -0.4     0.6          12
      9)   M    inclin   -0.1     4.7      9.0    -8.4     6.4          12
     10)   M       tip   -1.0     3.0      8.0    -5.8     5.6          12
     11)   M   ax-bend    0.7     0.3      1.0     0.3     1.0          11
    ---------------------------------------------------------------------------
     12)   M     shift   -0.02    0.55     2.2    -1.4     0.8          11
     13)   M     slide    0.13    0.43     1.5    -0.6     0.9          11
     14)   M      rise    3.36    0.18     0.7     3.0     3.7          11
     15)   M      tilt   -0.2     2.9      7.0    -5.0     3.2          11
     16)   M      roll   -0.3     5.9     10.0   -13.5     9.1          11
     17)   M     twist   35.8     4.1      8.0    26.7    42.5          11
     18)   M     h-ris    3.35    0.18     0.6     3.0     3.7          11
     19)   M     h-twi   36.0     4.1      7.0    27.2    42.9          11
    ---------------------------------------------------------------------------
     20)   M      curv    0.37    0.22     0.8     0.1     0.9           9
     21)   M       reg -163.2    62.5      9.0                           9
    ---------------------------------------------------------------------------
     22)   M    alphaW  -64.0     9.8      9.0                          11
     23)   M     betaW  169.5    14.0      9.0                          11
     24)   M    gammaW   60.5    33.8     10.0                          12
     25)   M    deltaW  125.4    19.0     12.0                          12
     26)   M    epsilW -166.8    24.9      9.0                          11
     27)   M     zetaW -107.2    38.4     10.0                          11
     28)   M      chiW -116.1    13.5     11.0                          12
     29)   M    phaseW  132.0    21.9     12.0                          12
     30)   M      ampW   48.6     4.8      8.0                          12
    ---------------------------------------------------------------------------
     31)   M    alphaC  -61.6     5.9      9.0                          11
     32)   M     betaC  173.5    13.5      9.0                          11
     33)   M    gammaC   53.5     7.9     10.0                          12
     34)   M    deltaC  120.3    21.2     11.0                          12
     35)   M    epsilC -173.9    24.0      9.0                          11
     36)   M     zetaC -102.4    28.4      9.0                          11
     37)   M      chiC -118.6    12.9     12.0                          12
     38)   M    phaseC  127.0    37.5     11.0                          12
     39)   M      ampC   45.5     3.1      8.0                          12
    ---------------------------------------------------------------------------
     40)   M      minw    4.79    1.29     4.1     3.1     7.2           6
     41)   M      mind    5.27    0.30     0.8     4.9     5.7           6
     42)   M      majw   11.44    0.71     1.9    10.5    12.4           6
     43)   M      majd    4.48    0.96     2.6     2.9     5.4           6

  Sugar pucker distribution ...

                    C3'n  C4'x  O1'n  C1'x  C2'n  C3'x  C4'n  O1'x  C1'n  C2'x
                    -----------------------------------------------------------
     29)   M  W      0     0    17    50    33     0     0     0     0     0
     38)   M  C      8     8     0    42    42     0     0     0     0     0
                    -----------------------------------------------------------
             Tot     4     4     8    46    38     0     0     0     0     0

  Epsilon/Zeta distribution ...

                     BI    BII
                   ------------
     26)   M  W      82     18
     35)   M  C      91      9
                   ------------
             Tot     86     14

  Alpha/Gamma distribution ...

                    g-/g-  g-/ t  g-/g+  t /g-  t /t   t /g+  g+/g-  g+/t   g+/g+
                    -------------------------------------------------------------
     22)   M  W       0      0    100      0      0      0      0      0      0
     31)   M  C       0      0    100      0      0      0      0      0      0
                    -------------------------------------------------------------
             Tot      0      0    100      0      0      0      0      0      0

